==43599== Memcheck, a memory error detector
==43599== Copyright (C) 2002-2022, and GNU GPL'd, by Julian Seward et al.
==43599== Using Valgrind-3.19.0 and LibVEX; rerun with -h for copyright info
==43599== Command: ./minizam ../tests/rec_funs/facto.txt -res
==43599== 
120
==43599== 
==43599== HEAP SUMMARY:
==43599==     in use at exit: 8,388,784 bytes in 10 blocks
==43599==   total heap usage: 41 allocs, 31 frees, 8,406,720 bytes allocated
==43599== 
==43599== 8 bytes in 1 blocks are still reachable in loss record 1 of 6
==43599==    at 0x48407B4: malloc (vg_replace_malloc.c:381)
==43599==    by 0x10C1D7: caml_init_domain (domain.c:12)
==43599==    by 0x10A45C: eval_file (minizam.c:16)
==43599==    by 0x10A4D5: main (minizam.c:29)
==43599== 
==43599== 8 bytes in 1 blocks are definitely lost in loss record 2 of 6
==43599==    at 0x4845C60: memalign (vg_replace_malloc.c:1517)
==43599==    by 0x109275: caml_alloc (alloc.c:7)
==43599==    by 0x10A544: make_empty_block (mlvalues.c:11)
==43599==    by 0x1092B3: caml_interprete (interp.c:26)
==43599==    by 0x10A468: eval_file (minizam.c:17)
==43599==    by 0x10A4D5: main (minizam.c:29)
==43599== 
==43599== 16 bytes in 1 blocks are possibly lost in loss record 3 of 6
==43599==    at 0x4845C60: memalign (vg_replace_malloc.c:1517)
==43599==    by 0x109275: caml_alloc (alloc.c:7)
==43599==    by 0x10A582: make_block (mlvalues.c:17)
==43599==    by 0x109EBC: caml_interprete (interp.c:226)
==43599==    by 0x10A468: eval_file (minizam.c:17)
==43599==    by 0x10A4D5: main (minizam.c:29)
==43599== 
==43599== 24 bytes in 1 blocks are possibly lost in loss record 4 of 6
==43599==    at 0x4845C60: memalign (vg_replace_malloc.c:1517)
==43599==    by 0x109275: caml_alloc (alloc.c:7)
==43599==    by 0x10A5C8: make_closure (mlvalues.c:23)
==43599==    by 0x109F47: caml_interprete (interp.c:231)
==43599==    by 0x10A468: eval_file (minizam.c:17)
==43599==    by 0x10A4D5: main (minizam.c:29)
==43599== 
==43599== 120 bytes in 5 blocks are definitely lost in loss record 5 of 6
==43599==    at 0x4845C60: memalign (vg_replace_malloc.c:1517)
==43599==    by 0x109275: caml_alloc (alloc.c:7)
==43599==    by 0x10A5C8: make_closure (mlvalues.c:23)
==43599==    by 0x109F8C: caml_interprete (interp.c:237)
==43599==    by 0x10A468: eval_file (minizam.c:17)
==43599==    by 0x10A4D5: main (minizam.c:29)
==43599== 
==43599== 8,388,608 bytes in 1 blocks are still reachable in loss record 6 of 6
==43599==    at 0x48407B4: malloc (vg_replace_malloc.c:381)
==43599==    by 0x10C1EF: caml_init_domain (domain.c:14)
==43599==    by 0x10A45C: eval_file (minizam.c:16)
==43599==    by 0x10A4D5: main (minizam.c:29)
==43599== 
==43599== LEAK SUMMARY:
==43599==    definitely lost: 128 bytes in 6 blocks
==43599==    indirectly lost: 0 bytes in 0 blocks
==43599==      possibly lost: 40 bytes in 2 blocks
==43599==    still reachable: 8,388,616 bytes in 2 blocks
==43599==         suppressed: 0 bytes in 0 blocks
==43599== 
==43599== ERROR SUMMARY: 4 errors from 4 contexts (suppressed: 0 from 0)
